[debug] [2024-10-30T11:20:56.071Z] ----------------------------------------------------------------------
[debug] [2024-10-30T11:20:56.074Z] Command:       C:\Program Files\nodejs\node.exe C:\Users\hieub\AppData\Roaming\npm\node_modules\firebase-tools\lib\bin\firebase.js init
[debug] [2024-10-30T11:20:56.074Z] CLI Version:   13.23.0
[debug] [2024-10-30T11:20:56.075Z] Platform:      win32
[debug] [2024-10-30T11:20:56.075Z] Node Version:  v20.18.0
[debug] [2024-10-30T11:20:56.075Z] Time:          Wed Oct 30 2024 18:20:56 GMT+0700 (Indochina Time)
[debug] [2024-10-30T11:20:56.075Z] ----------------------------------------------------------------------
[debug] 
[debug] [2024-10-30T11:20:56.081Z] > command requires scopes: ["email","openid","https://www.googleapis.com/auth/cloudplatformprojects.readonly","https://www.googleapis.com/auth/firebase","https://www.googleapis.com/auth/cloud-platform"]
[debug] [2024-10-30T11:20:56.081Z] > authorizing via signed-in user (hieubdn@gmail.com)
[info] 
     ######## #### ########  ######## ########     ###     ######  ########
     ##        ##  ##     ## ##       ##     ##  ##   ##  ##       ##
     ######    ##  ########  ######   ########  #########  ######  ######
     ##        ##  ##    ##  ##       ##     ## ##     ##       ## ##
     ##       #### ##     ## ######## ########  ##     ##  ######  ########

You're about to initialize a Firebase project in this directory:

  C:\Users\hieub\webiste

[info] 
=== Project Setup
[info] 
[info] First, let's associate this project directory with a Firebase project.
[info] You can create multiple project aliases by running firebase use --add, 
[info] but for now we'll just set up a default project.
[info] 
[debug] [2024-10-30T11:21:53.593Z] Checked if tokens are valid: true, expires at: 1730290831940
[debug] [2024-10-30T11:21:53.593Z] Checked if tokens are valid: true, expires at: 1730290831940
[debug] [2024-10-30T11:21:53.596Z] >>> [apiv2][query] GET https://firebase.googleapis.com/v1beta1/projects pageSize=100
[debug] [2024-10-30T11:21:54.269Z] <<< [apiv2][status] GET https://firebase.googleapis.com/v1beta1/projects 200
[debug] [2024-10-30T11:21:54.269Z] <<< [apiv2][body] GET https://firebase.googleapis.com/v1beta1/projects [omitted]
[info] i  Using project tattothetrung (TattoTheTrung) 
[info] 
=== Hosting Setup
[debug] [2024-10-30T11:21:57.489Z] Checked if tokens are valid: true, expires at: 1730290831940
[debug] [2024-10-30T11:21:57.489Z] Checked if tokens are valid: true, expires at: 1730290831940
[debug] [2024-10-30T11:21:57.489Z] >>> [apiv2][query] GET https://firebase.googleapis.com/v1beta1/projects/tattothetrung [none]
[debug] [2024-10-30T11:21:57.759Z] <<< [apiv2][status] GET https://firebase.googleapis.com/v1beta1/projects/tattothetrung 200
[debug] [2024-10-30T11:21:57.759Z] <<< [apiv2][body] GET https://firebase.googleapis.com/v1beta1/projects/tattothetrung {"projectId":"tattothetrung","projectNumber":"870589023967","displayName":"TattoTheTrung","name":"projects/tattothetrung","resources":{"hostingSite":"tattothetrung"},"state":"ACTIVE","etag":"1_909ea61c-a57c-488d-a0f8-44b41164438c"}
[info] 
[info] Your public directory is the folder (relative to your project directory) that
[info] will contain Hosting assets to be uploaded with firebase deploy. If you
[info] have a build process for your assets, use your build's output directory.
[info] 
[debug] [2024-10-30T11:22:18.124Z] >>> [apiv2][query] GET https://www.gstatic.com/firebasejs/releases.json [none]
[debug] [2024-10-30T11:22:18.302Z] <<< [apiv2][status] GET https://www.gstatic.com/firebasejs/releases.json 200
[debug] [2024-10-30T11:22:18.302Z] <<< [apiv2][body] GET https://www.gstatic.com/firebasejs/releases.json {"current":{"version":"11.0.1","browserURL":"https://www.gstatic.com/firebasejs/11.0.1/firebase.js","packageURL":"https://www.gstatic.com/firebasejs/11.0.1/firebase.tgz"},"live":{"version":"11.0","browserURL":"https://www.gstatic.com/firebasejs/live/11.0/firebase.js","packageURL":"https://www.gstatic.com/firebasejs/live/11.0/firebase.tgz"},"components":{"analytics":"https://www.gstatic.com/firebasejs/11.0.1/firebase-analytics.js","app":"https://www.gstatic.com/firebasejs/11.0.1/firebase-app.js","app-check":"https://www.gstatic.com/firebasejs/11.0.1/firebase-app-check.js","auth":"https://www.gstatic.com/firebasejs/11.0.1/firebase-auth.js","auth/cordova":"https://www.gstatic.com/firebasejs/11.0.1/firebase-auth/cordova.js","auth/web-extension":"https://www.gstatic.com/firebasejs/11.0.1/firebase-auth/web-extension.js","functions":"https://www.gstatic.com/firebasejs/11.0.1/firebase-functions.js","firestore":"https://www.gstatic.com/firebasejs/11.0.1/firebase-firestore.js","firestore/lite":"https://www.gstatic.com/firebasejs/11.0.1/firebase-firestore/lite.js","installations":"https://www.gstatic.com/firebasejs/11.0.1/firebase-installations.js","storage":"https://www.gstatic.com/firebasejs/11.0.1/firebase-storage.js","performance":"https://www.gstatic.com/firebasejs/11.0.1/firebase-performance.js","remote-config":"https://www.gstatic.com/firebasejs/11.0.1/firebase-remote-config.js","messaging":"https://www.gstatic.com/firebasejs/11.0.1/firebase-messaging.js","messaging/sw":"https://www.gstatic.com/firebasejs/11.0.1/firebase-messaging/sw.js","database":"https://www.gstatic.com/firebasejs/11.0.1/firebase-database.js","vertexai":"https://www.gstatic.com/firebasejs/11.0.1/firebase-vertexai.js","data-connect":"https://www.gstatic.com/firebasejs/11.0.1/firebase-data-connect.js","firestore.memory":"https://www.gstatic.com/firebasejs/11.0.1/firebase-firestore.memory.js"}}
[info] +  Wrote public/index.html 
[info] 
[info] i  Detected a .git folder at C:\Users\hieub\webiste 
[info] i  Authorizing with GitHub to upload your service account to a GitHub repository's secrets store. 
[info] 
[info] Visit this URL on this device to log in:
[info] https://github.com/login/oauth/authorize?client_id=89cf50f02ac6aaed3484&state=838081181&redirect_uri=http%3A%2F%2Flocalhost%3A9005&scope=read%3Auser%20repo%20public_repo
[info] 
[info] Waiting for authentication...
[debug] [2024-10-30T11:22:30.541Z] >>> [apiv2][query] POST https://github.com/login/oauth/access_token [none]
[debug] [2024-10-30T11:22:30.541Z] >>> [apiv2][body] POST https://github.com/login/oauth/access_token [stream]
[debug] [2024-10-30T11:22:31.030Z] <<< [apiv2][status] POST https://github.com/login/oauth/access_token 200
[debug] [2024-10-30T11:22:31.030Z] <<< [apiv2][body] POST https://github.com/login/oauth/access_token {"access_token":"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","token_type":"bearer","scope":"read:user,repo"}
[debug] [2024-10-30T11:22:31.034Z] >>> [apiv2][query] GET https://api.github.com/user [none]
[debug] [2024-10-30T11:22:31.539Z] <<< [apiv2][status] GET https://api.github.com/user 200
[debug] [2024-10-30T11:22:31.540Z] <<< [apiv2][body] GET https://api.github.com/user {"login":"hieubdn","id":144120245,"node_id":"U_kgDOCJcZtQ","avatar_url":"https://avatars.githubusercontent.com/u/144120245?v=4","gravatar_id":"","url":"https://api.github.com/users/hieubdn","html_url":"https://github.com/hieubdn","followers_url":"https://api.github.com/users/hieubdn/followers","following_url":"https://api.github.com/users/hieubdn/following{/other_user}","gists_url":"https://api.github.com/users/hieubdn/gists{/gist_id}","starred_url":"https://api.github.com/users/hieubdn/starred{/owner}{/repo}","subscriptions_url":"https://api.github.com/users/hieubdn/subscriptions","organizations_url":"https://api.github.com/users/hieubdn/orgs","repos_url":"https://api.github.com/users/hieubdn/repos","events_url":"https://api.github.com/users/hieubdn/events{/privacy}","received_events_url":"https://api.github.com/users/hieubdn/received_events","type":"User","user_view_type":"private","site_admin":false,"name":"Ngọc Hiếu","company":null,"blog":"","location":"Thành Phố Hồ Chí Minh","email":null,"hireable":null,"bio":"_hiu.bdn","twitter_username":null,"notification_email":null,"public_repos":3,"public_gists":0,"followers":0,"following":0,"created_at":"2023-09-05T10:46:34Z","updated_at":"2024-10-18T03:36:27Z","private_gists":0,"total_private_repos":3,"owned_private_repos":3,"disk_usage":87368,"collaborators":1,"two_factor_authentication":false,"plan":{"name":"free","space":976562499,"collaborators":0,"private_repos":10000}}
[info] 
[info] +  Success! Logged into GitHub as hieubdn 
[info] 
